Build started 9/15/2014 5:02:19 PM.
     1>Project "C:\Users\harmoli\Documents\CIS565\Project3-Simulation\Part1\PROJ_WIN\cIS565_PROJ_1\CIS565_PROJ_1.vcxproj" on node 2 (build target(s)).
     1>InitializeBuildStatus:
         Touching "Release\CIS565_PROJ_1.unsuccessfulbuild".
       AddCudaCompileDeps:
       Skipping target "AddCudaCompileDeps" because all output files are up-to-date with respect to the input files.
       CudaBuild:
       Skipping target "CudaBuild" because all output files are up-to-date with respect to the input files.
       ClCompile:
         All outputs are up-to-date.
       Link:
         c:\Program Files (x86)\Microsoft Visual Studio 10.0\VC\bin\link.exe /ERRORREPORT:PROMPT /OUT:"C:\Users\harmoli\Documents\CIS565\Project3-Simulation\Part1\PROJ_WIN\Release\CIS565_PROJ_1.exe" /NOLOGO /LIBPATH:"C:\Users\harmoli\Documents\CIS565\Project3-Simulation\Part1\PROJ_WIN\/shared/glew/lib" /LIBPATH:"C:\Users\harmoli\Documents\CIS565\Project3-Simulation\Part1\PROJ_WIN\/shared/freeglut/lib" /LIBPATH:"C:\Program Files\NVIDIA GPU Computing Toolkit\CUDA\v5.5\lib\Win32" opengl32.lib glut32.lib glew32.lib freeglut.lib cudart.lib kernel32.lib user32.lib gdi32.lib winspool.lib comdlg32.lib advapi32.lib shell32.lib ole32.lib oleaut32.lib uuid.lib odbc32.lib odbccp32.lib /MANIFEST /ManifestFile:"Release\CIS565_PROJ_1.exe.intermediate.manifest" /MANIFESTUAC:"level='asInvoker' uiAccess='false'" /DEBUG /PDB:"C:\Users\harmoli\Documents\CIS565\Project3-Simulation\Part1\PROJ_WIN\Release\CIS565_PROJ_1.pdb" /OPT:REF /OPT:ICF /LTCG /TLBID:1 /DYNAMICBASE /NXCOMPAT /IMPLIB:"C:\Users\harmoli\Documents\CIS565\Project3-Simulation\Part1\PROJ_WIN\Release\CIS565_PROJ_1.lib" /MACHINE:X86 "C:\Users\harmoli\Documents\CIS565\Project3-Simulation\Part1\PROJ_WIN\cIS565_PROJ_1\Win32/Release/kernel.cu.obj"
         Release\glslUtility.obj
         Release\main.obj
         Release\utilities.obj
         Generating code
         Finished generating code
         CIS565_PROJ_1.vcxproj -> C:\Users\harmoli\Documents\CIS565\Project3-Simulation\Part1\PROJ_WIN\Release\CIS565_PROJ_1.exe
       Manifest:
         C:\Program Files (x86)\Microsoft SDKs\Windows\v7.0A\bin\mt.exe /nologo /verbose /outputresource:"C:\Users\harmoli\Documents\CIS565\Project3-Simulation\Part1\PROJ_WIN\Release\CIS565_PROJ_1.exe;#1" /manifest Release\CIS565_PROJ_1.exe.intermediate.manifest
       FinalizeBuildStatus:
         Deleting file "Release\CIS565_PROJ_1.unsuccessfulbuild".
         Touching "Release\CIS565_PROJ_1.lastbuildstate".
     1>Done Building Project "C:\Users\harmoli\Documents\CIS565\Project3-Simulation\Part1\PROJ_WIN\cIS565_PROJ_1\CIS565_PROJ_1.vcxproj" (build target(s)).

Build succeeded.

Time Elapsed 00:00:00.65
