Build started 9/15/2014 5:00:50 PM.
     1>Project "C:\Users\harmoli\Documents\CIS565\Project3-Simulation\Part1\PROJ_WIN\cIS565_PROJ_1\CIS565_PROJ_1.vcxproj" on node 2 (build target(s)).
     1>InitializeBuildStatus:
         Creating "Debug\CIS565_PROJ_1.unsuccessfulbuild" because "AlwaysCreate" was specified.
       AddCudaCompileDeps:
       Skipping target "AddCudaCompileDeps" because all output files are up-to-date with respect to the input files.
       CudaBuild:
         Compiling CUDA source file ..\..\src\kernel.cu...
         cmd.exe /C "C:\Users\harmoli\AppData\Local\Temp\tmp65e3a347bea24b478bf207e5a6306280.cmd"
         "C:\Program Files\NVIDIA GPU Computing Toolkit\CUDA\v5.5\bin\nvcc.exe" -gencode=arch=compute_10,code=\"sm_10,compute_10\" -gencode=arch=compute_20,code=\"sm_20,compute_20\" --use-local-env --cl-version 2010 -ccbin "c:\Program Files (x86)\Microsoft Visual Studio 10.0\VC\bin"  -I"C:\Program Files\NVIDIA GPU Computing Toolkit\CUDA\v5.5\include" -I"C:\Users\harmoli\Documents\CIS565\Project3-Simulation\Part1\PROJ_WIN\/shared/glew/include/" -I"C:\Users\harmoli\Documents\CIS565\Project3-Simulation\Part1\PROJ_WIN\/shared/freeglut/include/" -I"C:\Program Files\NVIDIA GPU Computing Toolkit\CUDA\v5.5\include" -I"C:\Program Files\NVIDIA GPU Computing Toolkit\CUDA\v5.5\include"  -G -lineinfo  --keep-dir Debug -maxrregcount=0  --machine 32 --compile -cudart static  -g   -DWIN32 -D_DEBUG -D_CONSOLE -D_MBCS -Xcompiler "/EHsc /W3 /nologo /Od /Zi /RTC1 /MDd  " -o C:\Users\harmoli\Documents\CIS565\Project3-Simulation\Part1\PROJ_WIN\cIS565_PROJ_1\Win32/Debug/kernel.cu.obj "C:\Users\harmoli\Documents\CIS565\Project3-Simulation\Part1\src\kernel.cu"
         
         C:\Users\harmoli\Documents\CIS565\Project3-Simulation\Part1\PROJ_WIN\cIS565_PROJ_1>"C:\Program Files\NVIDIA GPU Computing Toolkit\CUDA\v5.5\bin\nvcc.exe" -gencode=arch=compute_10,code=\"sm_10,compute_10\" -gencode=arch=compute_20,code=\"sm_20,compute_20\" --use-local-env --cl-version 2010 -ccbin "c:\Program Files (x86)\Microsoft Visual Studio 10.0\VC\bin"  -I"C:\Program Files\NVIDIA GPU Computing Toolkit\CUDA\v5.5\include" -I"C:\Users\harmoli\Documents\CIS565\Project3-Simulation\Part1\PROJ_WIN\/shared/glew/include/" -I"C:\Users\harmoli\Documents\CIS565\Project3-Simulation\Part1\PROJ_WIN\/shared/freeglut/include/" -I"C:\Program Files\NVIDIA GPU Computing Toolkit\CUDA\v5.5\include" -I"C:\Program Files\NVIDIA GPU Computing Toolkit\CUDA\v5.5\include"  -G -lineinfo  --keep-dir Debug -maxrregcount=0  --machine 32 --compile -cudart static  -g   -DWIN32 -D_DEBUG -D_CONSOLE -D_MBCS -Xcompiler "/EHsc /W3 /nologo /Od /Zi /RTC1 /MDd  " -o C:\Users\harmoli\Documents\CIS565\Project3-Simulation\Part1\PROJ_WIN\cIS565_PROJ_1\Win32/Debug/kernel.cu.obj "C:\Users\harmoli\Documents\CIS565\Project3-Simulation\Part1\src\kernel.cu" 
     1>c:\users\harmoli\documents\cis565\project3-simulation\part1\src\glm\core\func_exponential.inl(149): warning : calling a __host__ function("_wassert") from a __host__ __device__ function("glm::inversesqrt<float> ") is not allowed
         
     1>c:\users\harmoli\documents\cis565\project3-simulation\part1\src\glm\core\_swizzle.hpp(64): warning : function "glm::detail::_swizzle_base0<T, N>::elem(size_t) const [with T=T, N=2]" was referenced but not defined
         
     1>c:\users\harmoli\documents\cis565\project3-simulation\part1\src\glm\core\_swizzle.hpp(64): warning : function "glm::detail::_swizzle_base0<T, N>::elem(size_t) const [with T=T, N=3]" was referenced but not defined
         
     1>c:\users\harmoli\documents\cis565\project3-simulation\part1\src\glm\core\_swizzle.hpp(64): warning : function "glm::detail::_swizzle_base0<T, N>::elem(size_t) const [with T=T, N=4]" was referenced but not defined
         
     1>ptxas : warning : Command line option '--generate-line-info' not supported for 'sm_1x architecture', will be ignored
         ptxas C:/Users/harmoli/AppData/Local/Temp/tmpxft_00001794_00000000-7_kernel.compute_10.ptx, line 1445; : warning : Double is not supported. Demoting to float
     1>c:\users\harmoli\documents\cis565\project3-simulation\part1\src\glm\core\_swizzle.hpp(64): warning : function "glm::detail::_swizzle_base0<T, N>::elem(size_t) const [with T=T, N=2]" was referenced but not defined
         
     1>c:\users\harmoli\documents\cis565\project3-simulation\part1\src\glm\core\_swizzle.hpp(64): warning : function "glm::detail::_swizzle_base0<T, N>::elem(size_t) const [with T=T, N=3]" was referenced but not defined
         
     1>c:\users\harmoli\documents\cis565\project3-simulation\part1\src\glm\core\_swizzle.hpp(64): warning : function "glm::detail::_swizzle_base0<T, N>::elem(size_t) const [with T=T, N=4]" was referenced but not defined
         
     1>C:/Users/harmoli/Documents/CIS565/Project3-Simulation/Part1/src/kernel.cu(48): warning C4244: 'argument' : conversion from 'float' to 'unsigned int', possible loss of data
       ClCompile:
         All outputs are up-to-date.
       Link:
         c:\Program Files (x86)\Microsoft Visual Studio 10.0\VC\bin\link.exe /ERRORREPORT:PROMPT /OUT:"C:\Users\harmoli\Documents\CIS565\Project3-Simulation\Part1\PROJ_WIN\Debug\CIS565_PROJ_1.exe" /INCREMENTAL:NO /NOLOGO /LIBPATH:../shared/glew/lib /LIBPATH:../shared/freeglut/lib /LIBPATH:"C:\Program Files\NVIDIA GPU Computing Toolkit\CUDA\v5.5\lib\Win32" opengl32.lib glut32.lib glew32.lib freeglut.lib cudart.lib kernel32.lib user32.lib gdi32.lib winspool.lib comdlg32.lib advapi32.lib shell32.lib ole32.lib oleaut32.lib uuid.lib odbc32.lib odbccp32.lib /MANIFEST /ManifestFile:"Debug\CIS565_PROJ_1.exe.intermediate.manifest" /MANIFESTUAC:"level='asInvoker' uiAccess='false'" /DEBUG /PDB:"C:\Users\harmoli\Documents\CIS565\Project3-Simulation\Part1\PROJ_WIN\Debug\CIS565_PROJ_1.pdb" /SUBSYSTEM:CONSOLE /TLBID:1 /ENTRY:"mainCRTStartup" /DYNAMICBASE /NXCOMPAT /IMPLIB:"C:\Users\harmoli\Documents\CIS565\Project3-Simulation\Part1\PROJ_WIN\Debug\CIS565_PROJ_1.lib" /MACHINE:X86 "C:\Users\harmoli\Documents\CIS565\Project3-Simulation\Part1\PROJ_WIN\cIS565_PROJ_1\Win32/Debug/kernel.cu.obj"
         Debug\glslUtility.obj
         Debug\main.obj
         Debug\utilities.obj
     1>glslUtility.obj : warning LNK4075: ignoring '/EDITANDCONTINUE' due to '/INCREMENTAL:NO' specification
         CIS565_PROJ_1.vcxproj -> C:\Users\harmoli\Documents\CIS565\Project3-Simulation\Part1\PROJ_WIN\Debug\CIS565_PROJ_1.exe
       Manifest:
         C:\Program Files (x86)\Microsoft SDKs\Windows\v7.0A\bin\mt.exe /nologo /verbose /outputresource:"C:\Users\harmoli\Documents\CIS565\Project3-Simulation\Part1\PROJ_WIN\Debug\CIS565_PROJ_1.exe;#1" /manifest Debug\CIS565_PROJ_1.exe.intermediate.manifest
       FinalizeBuildStatus:
         Deleting file "Debug\CIS565_PROJ_1.unsuccessfulbuild".
         Touching "Debug\CIS565_PROJ_1.lastbuildstate".
     1>Done Building Project "C:\Users\harmoli\Documents\CIS565\Project3-Simulation\Part1\PROJ_WIN\cIS565_PROJ_1\CIS565_PROJ_1.vcxproj" (build target(s)).

Build succeeded.

Time Elapsed 00:00:09.54
